{"timestamp":"2026-05-26T15:23:49.648475Z","level":"WARN","fields":{"message":"config file is world-readable","path":"/Users/jonzuilkowski/Documents/localProject/merlin/docs/e2e/2026-05-26-merlin-full-gui/rerun-live-20260526T152345Z/xcalibre-work/config.toml"},"target":"backend::config"}
{"timestamp":"2026-05-26T15:23:49.650703Z","level":"WARN","fields":{"message":"SECURITY: base_url is HTTP and https_only is false. Session cookies will not have the Secure flag. Set server.https_only = true or use an HTTPS base_url in production."},"target":"backend::config"}
{"timestamp":"2026-05-26T15:23:49.650827Z","level":"WARN","fields":{"message":"jwt_secret was blank; generated a new secret and wrote it back","path":"/Users/jonzuilkowski/Documents/localProject/merlin/docs/e2e/2026-05-26-merlin-full-gui/rerun-live-20260526T152345Z/xcalibre-work/config.toml"},"target":"backend::config"}
{"timestamp":"2026-05-26T15:53:49.757167Z","level":"WARN","fields":{"message":"failed to refresh scheduler metrics","error":"error returned from database: (code: 14) unable to open database file"},"target":"backend::scheduler"}
{"timestamp":"2026-05-26T15:53:49.764095Z","level":"ERROR","fields":{"message":"scheduled task scheduler iteration failed","error":"error returned from database: (code: 14) unable to open database file"},"target":"backend::scheduler"}
{"timestamp":"2026-05-26T15:53:49.764563Z","level":"WARN","fields":{"message":"failed to refresh scheduler metrics","error":"error returned from database: (code: 14) unable to open database file"},"target":"backend::scheduler"}
{"timestamp":"2026-05-26T15:54:19.757136Z","level":"ERROR","fields":{"message":"webhook delivery scheduler iteration failed","error":"error returned from database: (code: 14) unable to open database file"},"target":"backend::scheduler"}
{"timestamp":"2026-05-26T15:54:19.758186Z","level":"WARN","fields":{"message":"failed to refresh scheduler metrics","error":"error returned from database: (code: 14) unable to open database file"},"target":"backend::scheduler"}
{"timestamp":"2026-05-26T15:54:49.756855Z","level":"ERROR","fields":{"message":"webhook delivery scheduler iteration failed","error":"error returned from database: (code: 14) unable to open database file"},"target":"backend::scheduler"}
{"timestamp":"2026-05-26T15:54:49.757348Z","level":"WARN","fields":{"message":"failed to refresh scheduler metrics","error":"error returned from database: (code: 14) unable to open database file"},"target":"backend::scheduler"}
{"timestamp":"2026-05-26T15:54:49.764595Z","level":"ERROR","fields":{"message":"scheduled task scheduler iteration failed","error":"error returned from database: (code: 14) unable to open database file"},"target":"backend::scheduler"}
{"timestamp":"2026-05-26T15:54:49.764903Z","level":"WARN","fields":{"message":"failed to refresh scheduler metrics","error":"error returned from database: (code: 14) unable to open database file"},"target":"backend::scheduler"}
{"timestamp":"2026-05-26T15:55:19.756972Z","level":"ERROR","fields":{"message":"webhook delivery scheduler iteration failed","error":"error returned from database: (code: 14) unable to open database file"},"target":"backend::scheduler"}
{"timestamp":"2026-05-26T15:55:19.757476Z","level":"WARN","fields":{"message":"failed to refresh scheduler metrics","error":"error returned from database: (code: 14) unable to open database file"},"target":"backend::scheduler"}
{"timestamp":"2026-05-26T15:55:49.757530Z","level":"ERROR","fields":{"message":"webhook delivery scheduler iteration failed","error":"error returned from database: (code: 14) unable to open database file"},"target":"backend::scheduler"}
{"timestamp":"2026-05-26T15:55:49.758014Z","level":"WARN","fields":{"message":"failed to refresh scheduler metrics","error":"error returned from database: (code: 14) unable to open database file"},"target":"backend::scheduler"}
{"timestamp":"2026-05-26T15:55:49.764662Z","level":"ERROR","fields":{"message":"scheduled task scheduler iteration failed","error":"error returned from database: (code: 14) unable to open database file"},"target":"backend::scheduler"}
{"timestamp":"2026-05-26T15:55:49.765013Z","level":"WARN","fields":{"message":"failed to refresh scheduler metrics","error":"error returned from database: (code: 14) unable to open database file"},"target":"backend::scheduler"}
{"timestamp":"2026-05-26T15:56:19.758017Z","level":"ERROR","fields":{"message":"webhook delivery scheduler iteration failed","error":"error returned from database: (code: 14) unable to open database file"},"target":"backend::scheduler"}
{"timestamp":"2026-05-26T15:56:19.758855Z","level":"WARN","fields":{"message":"failed to refresh scheduler metrics","error":"error returned from database: (code: 14) unable to open database file"},"target":"backend::scheduler"}
{"timestamp":"2026-05-26T15:56:49.758425Z","level":"ERROR","fields":{"message":"webhook delivery scheduler iteration failed","error":"error returned from database: (code: 14) unable to open database file"},"target":"backend::scheduler"}
{"timestamp":"2026-05-26T15:56:49.759578Z","level":"WARN","fields":{"message":"failed to refresh scheduler metrics","error":"error returned from database: (code: 14) unable to open database file"},"target":"backend::scheduler"}
{"timestamp":"2026-05-26T15:56:49.765002Z","level":"ERROR","fields":{"message":"scheduled task scheduler iteration failed","error":"error returned from database: (code: 14) unable to open database file"},"target":"backend::scheduler"}
{"timestamp":"2026-05-26T15:56:49.765371Z","level":"WARN","fields":{"message":"failed to refresh scheduler metrics","error":"error returned from database: (code: 14) unable to open database file"},"target":"backend::scheduler"}
{"timestamp":"2026-05-26T15:57:19.759040Z","level":"ERROR","fields":{"message":"webhook delivery scheduler iteration failed","error":"error returned from database: (code: 14) unable to open database file"},"target":"backend::scheduler"}
{"timestamp":"2026-05-26T15:57:19.760102Z","level":"WARN","fields":{"message":"failed to refresh scheduler metrics","error":"error returned from database: (code: 14) unable to open database file"},"target":"backend::scheduler"}
{"timestamp":"2026-05-26T15:57:49.758483Z","level":"ERROR","fields":{"message":"webhook delivery scheduler iteration failed","error":"error returned from database: (code: 14) unable to open database file"},"target":"backend::scheduler"}
{"timestamp":"2026-05-26T15:57:49.759644Z","level":"WARN","fields":{"message":"failed to refresh scheduler metrics","error":"error returned from database: (code: 14) unable to open database file"},"target":"backend::scheduler"}
{"timestamp":"2026-05-26T15:57:49.765392Z","level":"ERROR","fields":{"message":"scheduled task scheduler iteration failed","error":"error returned from database: (code: 14) unable to open database file"},"target":"backend::scheduler"}
{"timestamp":"2026-05-26T15:57:49.765820Z","level":"WARN","fields":{"message":"failed to refresh scheduler metrics","error":"error returned from database: (code: 14) unable to open database file"},"target":"backend::scheduler"}
{"timestamp":"2026-05-26T15:58:19.758183Z","level":"ERROR","fields":{"message":"webhook delivery scheduler iteration failed","error":"error returned from database: (code: 14) unable to open database file"},"target":"backend::scheduler"}
{"timestamp":"2026-05-26T15:58:19.758333Z","level":"WARN","fields":{"message":"failed to refresh scheduler metrics","error":"error returned from database: (code: 14) unable to open database file"},"target":"backend::scheduler"}
{"timestamp":"2026-05-26T15:58:49.758504Z","level":"ERROR","fields":{"message":"webhook delivery scheduler iteration failed","error":"error returned from database: (code: 14) unable to open database file"},"target":"backend::scheduler"}
{"timestamp":"2026-05-26T15:58:49.758777Z","level":"WARN","fields":{"message":"failed to refresh scheduler metrics","error":"error returned from database: (code: 14) unable to open database file"},"target":"backend::scheduler"}
{"timestamp":"2026-05-26T15:58:49.765904Z","level":"ERROR","fields":{"message":"scheduled task scheduler iteration failed","error":"error returned from database: (code: 14) unable to open database file"},"target":"backend::scheduler"}
{"timestamp":"2026-05-26T15:58:49.766275Z","level":"WARN","fields":{"message":"failed to refresh scheduler metrics","error":"error returned from database: (code: 14) unable to open database file"},"target":"backend::scheduler"}
{"timestamp":"2026-05-26T15:59:19.758804Z","level":"ERROR","fields":{"message":"webhook delivery scheduler iteration failed","error":"error returned from database: (code: 14) unable to open database file"},"target":"backend::scheduler"}
{"timestamp":"2026-05-26T15:59:19.759176Z","level":"WARN","fields":{"message":"failed to refresh scheduler metrics","error":"error returned from database: (code: 14) unable to open database file"},"target":"backend::scheduler"}
{"timestamp":"2026-05-26T15:59:49.758572Z","level":"ERROR","fields":{"message":"webhook delivery scheduler iteration failed","error":"error returned from database: (code: 14) unable to open database file"},"target":"backend::scheduler"}
{"timestamp":"2026-05-26T15:59:49.759075Z","level":"WARN","fields":{"message":"failed to refresh scheduler metrics","error":"error returned from database: (code: 14) unable to open database file"},"target":"backend::scheduler"}
{"timestamp":"2026-05-26T15:59:49.766439Z","level":"ERROR","fields":{"message":"scheduled task scheduler iteration failed","error":"error returned from database: (code: 14) unable to open database file"},"target":"backend::scheduler"}
{"timestamp":"2026-05-26T15:59:49.766757Z","level":"WARN","fields":{"message":"failed to refresh scheduler metrics","error":"error returned from database: (code: 14) unable to open database file"},"target":"backend::scheduler"}
