Command line invocation:
    /Applications/Xcode.app/Contents/Developer/usr/bin/xcodebuild -scheme MerlinTests-Live test -destination platform=macOS -derivedDataPath /tmp/merlin-e2e-derived CODE_SIGNING_ALLOWED=NO CODE_SIGN_IDENTITY= "-only-testing:MerlinE2ETests/CapabilityScenarioTests/testS2RustDebugCycle"

Build settings from command line:
    CODE_SIGN_IDENTITY = 
    CODE_SIGNING_ALLOWED = NO

--- xcodebuild: WARNING: Using the first of multiple matching destinations:
{ platform:macOS, arch:arm64, id:00006041-00140140268A801C, name:My Mac }
{ platform:macOS, arch:x86_64, id:00006041-00140140268A801C, name:My Mac }
note: Using codesigning identity override: 
ComputePackagePrebuildTargetDependencyGraph

Prepare packages

CreateBuildRequest

SendProjectDescription

CreateBuildOperation

ComputeTargetDependencyGraph
note: Building targets in dependency order
note: Target dependency graph (6 targets)
    Target 'TestTargetApp' in project 'Merlin' (no dependencies)
    Target 'MerlinUITests' in project 'Merlin'
        ➜ Explicit dependency on target 'Merlin' in project 'Merlin'
    Target 'MerlinLiveTests' in project 'Merlin'
        ➜ Explicit dependency on target 'Merlin' in project 'Merlin'
    Target 'MerlinE2ETests' in project 'Merlin'
        ➜ Explicit dependency on target 'Merlin' in project 'Merlin'
    Target 'Merlin' in project 'Merlin'
        ➜ Explicit dependency on target 'merlin-discipline' in project 'Merlin'
    Target 'merlin-discipline' in project 'Merlin' (no dependencies)

GatherProvisioningInputs

CreateBuildDescription

ExecuteExternalTool /Applications/Xcode.app/Contents/Developer/Toolchains/XcodeDefault.xctoolchain/usr/bin/swiftc --version

ExecuteExternalTool /Applications/Xcode.app/Contents/Developer/Toolchains/XcodeDefault.xctoolchain/usr/bin/clang -v -E -dM -isysroot /Applications/Xcode.app/Contents/Developer/Platforms/MacOSX.platform/Developer/SDKs/MacOSX26.5.sdk -x c -c /dev/null

ExecuteExternalTool /Applications/Xcode.app/Contents/Developer/usr/bin/actool --version --output-format xml1

ExecuteExternalTool /Applications/Xcode.app/Contents/Developer/Toolchains/XcodeDefault.xctoolchain/usr/bin/ld -version_details

Build description signature: 3b127a761cf9bc8738376d20d4db114c
Build description path: /tmp/merlin-e2e-derived/Build/Intermediates.noindex/XCBuildData/3b127a761cf9bc8738376d20d4db114c.xcbuilddata
ClangStatCache /Applications/Xcode.app/Contents/Developer/Toolchains/XcodeDefault.xctoolchain/usr/bin/clang-stat-cache /Applications/Xcode.app/Contents/Developer/Platforms/MacOSX.platform/Developer/SDKs/MacOSX26.5.sdk /tmp/merlin-e2e-derived/SDKStatCaches.noindex/macosx26.5-25F70-688ef53f1462e2c8f657fdc38a81448fe082c4a02f00227109f4ed75e425c832.sdkstatcache
    cd /Users/jonzuilkowski/Documents/localProject/merlin/Merlin.xcodeproj
    /Applications/Xcode.app/Contents/Developer/Toolchains/XcodeDefault.xctoolchain/usr/bin/clang-stat-cache /Applications/Xcode.app/Contents/Developer/Platforms/MacOSX.platform/Developer/SDKs/MacOSX26.5.sdk -o /tmp/merlin-e2e-derived/SDKStatCaches.noindex/macosx26.5-25F70-688ef53f1462e2c8f657fdc38a81448fe082c4a02f00227109f4ed75e425c832.sdkstatcache

CopySwiftLibs /tmp/merlin-e2e-derived/Build/Products/Debug/Merlin.app (in target 'Merlin' from project 'Merlin')
    cd /Users/jonzuilkowski/Documents/localProject/merlin
    builtin-swiftStdLibTool --copy --verbose --scan-executable /tmp/merlin-e2e-derived/Build/Products/Debug/Merlin.app/Contents/MacOS/Merlin.debug.dylib --scan-folder /tmp/merlin-e2e-derived/Build/Products/Debug/Merlin.app/Contents/Frameworks --scan-folder /tmp/merlin-e2e-derived/Build/Products/Debug/Merlin.app/Contents/PlugIns --scan-folder /tmp/merlin-e2e-derived/Build/Products/Debug/Merlin.app/Contents/Library/SystemExtensions --scan-folder /tmp/merlin-e2e-derived/Build/Products/Debug/Merlin.app/Contents/Extensions --scan-folder /Applications/Xcode.app/Contents/Developer/Platforms/MacOSX.platform/Developer/SDKs/MacOSX26.5.sdk/System/Library/Frameworks/AppIntents.framework --platform macosx --toolchain /var/run/com.apple.security.cryptexd/mnt/com.apple.MobileAsset.MetalToolchain-v17.6.42.0.44s5Q9/Metal.xctoolchain --toolchain /Applications/Xcode.app/Contents/Developer/Toolchains/XcodeDefault.xctoolchain --destination /tmp/merlin-e2e-derived/Build/Products/Debug/Merlin.app/Contents/Frameworks --strip-bitcode --strip-bitcode-tool /Applications/Xcode.app/Contents/Developer/Toolchains/XcodeDefault.xctoolchain/usr/bin/bitcode_strip --emit-dependency-info /tmp/merlin-e2e-derived/Build/Intermediates.noindex/Merlin.build/Debug/Merlin.build/SwiftStdLibToolInputDependencies.dep --filter-for-swift-os --back-deploy-swift-span
Ignoring --strip-bitcode because --sign was not passed

ProcessInfoPlistFile /tmp/merlin-e2e-derived/Build/Products/Debug/Merlin.app/Contents/Info.plist /Users/jonzuilkowski/Documents/localProject/merlin/Merlin/Info.plist (in target 'Merlin' from project 'Merlin')
    cd /Users/jonzuilkowski/Documents/localProject/merlin
    builtin-infoPlistUtility /Users/jonzuilkowski/Documents/localProject/merlin/Merlin/Info.plist -producttype com.apple.product-type.application -genpkginfo /tmp/merlin-e2e-derived/Build/Products/Debug/Merlin.app/Contents/PkgInfo -expandbuildsettings -platform macosx -additionalcontentfile /tmp/merlin-e2e-derived/Build/Intermediates.noindex/Merlin.build/Debug/Merlin.build/assetcatalog_generated_info.plist -o /tmp/merlin-e2e-derived/Build/Products/Debug/Merlin.app/Contents/Info.plist

CopySwiftLibs /tmp/merlin-e2e-derived/Build/Products/Debug/Merlin.app/Contents/PlugIns/MerlinE2ETests.xctest (in target 'MerlinE2ETests' from project 'Merlin')
    cd /Users/jonzuilkowski/Documents/localProject/merlin
    builtin-swiftStdLibTool --copy --verbose --scan-executable /tmp/merlin-e2e-derived/Build/Products/Debug/Merlin.app/Contents/PlugIns/MerlinE2ETests.xctest/Contents/MacOS/MerlinE2ETests --scan-folder /tmp/merlin-e2e-derived/Build/Products/Debug/Merlin.app/Contents/PlugIns/MerlinE2ETests.xctest/Contents/Frameworks --scan-folder /tmp/merlin-e2e-derived/Build/Products/Debug/Merlin.app/Contents/PlugIns/MerlinE2ETests.xctest/Contents/PlugIns --scan-folder /tmp/merlin-e2e-derived/Build/Products/Debug/Merlin.app/Contents/PlugIns/MerlinE2ETests.xctest/Contents/Library/SystemExtensions --scan-folder /tmp/merlin-e2e-derived/Build/Products/Debug/Merlin.app/Contents/PlugIns/MerlinE2ETests.xctest/Contents/Extensions --platform macosx --toolchain /var/run/com.apple.security.cryptexd/mnt/com.apple.MobileAsset.MetalToolchain-v17.6.42.0.44s5Q9/Metal.xctoolchain --toolchain /Applications/Xcode.app/Contents/Developer/Toolchains/XcodeDefault.xctoolchain --destination /tmp/merlin-e2e-derived/Build/Products/Debug/Merlin.app/Contents/PlugIns/MerlinE2ETests.xctest/Contents/Frameworks --strip-bitcode --scan-executable /Applications/Xcode.app/Contents/Developer/Platforms/MacOSX.platform/Developer/usr/lib/libXCTestSwiftSupport.dylib --strip-bitcode-tool /Applications/Xcode.app/Contents/Developer/Toolchains/XcodeDefault.xctoolchain/usr/bin/bitcode_strip --emit-dependency-info /tmp/merlin-e2e-derived/Build/Intermediates.noindex/Merlin.build/Debug/MerlinE2ETests.build/SwiftStdLibToolInputDependencies.dep --filter-for-swift-os --back-deploy-swift-span
Ignoring --strip-bitcode because --sign was not passed

ProcessInfoPlistFile /tmp/merlin-e2e-derived/Build/Products/Debug/Merlin.app/Contents/PlugIns/MerlinE2ETests.xctest/Contents/Info.plist /tmp/merlin-e2e-derived/Build/Intermediates.noindex/Merlin.build/Debug/MerlinE2ETests.build/empty-MerlinE2ETests.plist (in target 'MerlinE2ETests' from project 'Merlin')
    cd /Users/jonzuilkowski/Documents/localProject/merlin
    builtin-infoPlistUtility /tmp/merlin-e2e-derived/Build/Intermediates.noindex/Merlin.build/Debug/MerlinE2ETests.build/empty-MerlinE2ETests.plist -producttype com.apple.product-type.bundle.unit-test -expandbuildsettings -platform macosx -o /tmp/merlin-e2e-derived/Build/Products/Debug/Merlin.app/Contents/PlugIns/MerlinE2ETests.xctest/Contents/Info.plist

CopySwiftLibs /tmp/merlin-e2e-derived/Build/Products/Debug/Merlin.app/Contents/PlugIns/MerlinLiveTests.xctest (in target 'MerlinLiveTests' from project 'Merlin')
    cd /Users/jonzuilkowski/Documents/localProject/merlin
    builtin-swiftStdLibTool --copy --verbose --scan-executable /tmp/merlin-e2e-derived/Build/Products/Debug/Merlin.app/Contents/PlugIns/MerlinLiveTests.xctest/Contents/MacOS/MerlinLiveTests --scan-folder /tmp/merlin-e2e-derived/Build/Products/Debug/Merlin.app/Contents/PlugIns/MerlinLiveTests.xctest/Contents/Frameworks --scan-folder /tmp/merlin-e2e-derived/Build/Products/Debug/Merlin.app/Contents/PlugIns/MerlinLiveTests.xctest/Contents/PlugIns --scan-folder /tmp/merlin-e2e-derived/Build/Products/Debug/Merlin.app/Contents/PlugIns/MerlinLiveTests.xctest/Contents/Library/SystemExtensions --scan-folder /tmp/merlin-e2e-derived/Build/Products/Debug/Merlin.app/Contents/PlugIns/MerlinLiveTests.xctest/Contents/Extensions --platform macosx --toolchain /var/run/com.apple.security.cryptexd/mnt/com.apple.MobileAsset.MetalToolchain-v17.6.42.0.44s5Q9/Metal.xctoolchain --toolchain /Applications/Xcode.app/Contents/Developer/Toolchains/XcodeDefault.xctoolchain --destination /tmp/merlin-e2e-derived/Build/Products/Debug/Merlin.app/Contents/PlugIns/MerlinLiveTests.xctest/Contents/Frameworks --strip-bitcode --scan-executable /Applications/Xcode.app/Contents/Developer/Platforms/MacOSX.platform/Developer/usr/lib/libXCTestSwiftSupport.dylib --strip-bitcode-tool /Applications/Xcode.app/Contents/Developer/Toolchains/XcodeDefault.xctoolchain/usr/bin/bitcode_strip --emit-dependency-info /tmp/merlin-e2e-derived/Build/Intermediates.noindex/Merlin.build/Debug/MerlinLiveTests.build/SwiftStdLibToolInputDependencies.dep --filter-for-swift-os --back-deploy-swift-span
Ignoring --strip-bitcode because --sign was not passed

ProcessInfoPlistFile /tmp/merlin-e2e-derived/Build/Products/Debug/Merlin.app/Contents/PlugIns/MerlinLiveTests.xctest/Contents/Info.plist /tmp/merlin-e2e-derived/Build/Intermediates.noindex/Merlin.build/Debug/MerlinLiveTests.build/empty-MerlinLiveTests.plist (in target 'MerlinLiveTests' from project 'Merlin')
    cd /Users/jonzuilkowski/Documents/localProject/merlin
    builtin-infoPlistUtility /tmp/merlin-e2e-derived/Build/Intermediates.noindex/Merlin.build/Debug/MerlinLiveTests.build/empty-MerlinLiveTests.plist -producttype com.apple.product-type.bundle.unit-test -expandbuildsettings -platform macosx -o /tmp/merlin-e2e-derived/Build/Products/Debug/Merlin.app/Contents/PlugIns/MerlinLiveTests.xctest/Contents/Info.plist

ProcessInfoPlistFile /tmp/merlin-e2e-derived/Build/Products/Debug/MerlinUITests-Runner.app/Contents/PlugIns/MerlinUITests.xctest/Contents/Info.plist /tmp/merlin-e2e-derived/Build/Intermediates.noindex/Merlin.build/Debug/MerlinUITests.build/empty-MerlinUITests.plist (in target 'MerlinUITests' from project 'Merlin')
    cd /Users/jonzuilkowski/Documents/localProject/merlin
    builtin-infoPlistUtility /tmp/merlin-e2e-derived/Build/Intermediates.noindex/Merlin.build/Debug/MerlinUITests.build/empty-MerlinUITests.plist -producttype com.apple.product-type.bundle.ui-testing -expandbuildsettings -platform macosx -additionalcontentfile /tmp/merlin-e2e-derived/Build/Intermediates.noindex/Merlin.build/Debug/MerlinUITests.build/ProductTypeInfoPlistAdditions.plist -o /tmp/merlin-e2e-derived/Build/Products/Debug/MerlinUITests-Runner.app/Contents/PlugIns/MerlinUITests.xctest/Contents/Info.plist

CopySwiftLibs /tmp/merlin-e2e-derived/Build/Products/Debug/MerlinUITests-Runner.app/Contents/PlugIns/MerlinUITests.xctest (in target 'MerlinUITests' from project 'Merlin')
    cd /Users/jonzuilkowski/Documents/localProject/merlin
    builtin-swiftStdLibTool --copy --verbose --scan-executable /tmp/merlin-e2e-derived/Build/Products/Debug/MerlinUITests-Runner.app/Contents/PlugIns/MerlinUITests.xctest/Contents/MacOS/MerlinUITests --scan-folder /tmp/merlin-e2e-derived/Build/Products/Debug/MerlinUITests-Runner.app/Contents/PlugIns/MerlinUITests.xctest/Contents/Frameworks --scan-folder /tmp/merlin-e2e-derived/Build/Products/Debug/MerlinUITests-Runner.app/Contents/PlugIns/MerlinUITests.xctest/Contents/PlugIns --scan-folder /tmp/merlin-e2e-derived/Build/Products/Debug/MerlinUITests-Runner.app/Contents/PlugIns/MerlinUITests.xctest/Contents/Library/SystemExtensions --scan-folder /tmp/merlin-e2e-derived/Build/Products/Debug/MerlinUITests-Runner.app/Contents/PlugIns/MerlinUITests.xctest/Contents/Extensions --platform macosx --toolchain /var/run/com.apple.security.cryptexd/mnt/com.apple.MobileAsset.MetalToolchain-v17.6.42.0.44s5Q9/Metal.xctoolchain --toolchain /Applications/Xcode.app/Contents/Developer/Toolchains/XcodeDefault.xctoolchain --destination /tmp/merlin-e2e-derived/Build/Products/Debug/MerlinUITests-Runner.app/Contents/PlugIns/MerlinUITests.xctest/Contents/Frameworks --strip-bitcode --scan-executable /Applications/Xcode.app/Contents/Developer/Platforms/MacOSX.platform/Developer/usr/lib/libXCTestSwiftSupport.dylib --strip-bitcode-tool /Applications/Xcode.app/Contents/Developer/Toolchains/XcodeDefault.xctoolchain/usr/bin/bitcode_strip --emit-dependency-info /tmp/merlin-e2e-derived/Build/Intermediates.noindex/Merlin.build/Debug/MerlinUITests.build/SwiftStdLibToolInputDependencies.dep --filter-for-swift-os --back-deploy-swift-span
Ignoring --strip-bitcode because --sign was not passed

CopySwiftLibs /tmp/merlin-e2e-derived/Build/Products/Debug/TestTargetApp.app (in target 'TestTargetApp' from project 'Merlin')
    cd /Users/jonzuilkowski/Documents/localProject/merlin
    builtin-swiftStdLibTool --copy --verbose --scan-executable /tmp/merlin-e2e-derived/Build/Products/Debug/TestTargetApp.app/Contents/MacOS/TestTargetApp.debug.dylib --scan-folder /tmp/merlin-e2e-derived/Build/Products/Debug/TestTargetApp.app/Contents/Frameworks --scan-folder /tmp/merlin-e2e-derived/Build/Products/Debug/TestTargetApp.app/Contents/PlugIns --scan-folder /tmp/merlin-e2e-derived/Build/Products/Debug/TestTargetApp.app/Contents/Library/SystemExtensions --scan-folder /tmp/merlin-e2e-derived/Build/Products/Debug/TestTargetApp.app/Contents/Extensions --platform macosx --toolchain /var/run/com.apple.security.cryptexd/mnt/com.apple.MobileAsset.MetalToolchain-v17.6.42.0.44s5Q9/Metal.xctoolchain --toolchain /Applications/Xcode.app/Contents/Developer/Toolchains/XcodeDefault.xctoolchain --destination /tmp/merlin-e2e-derived/Build/Products/Debug/TestTargetApp.app/Contents/Frameworks --strip-bitcode --strip-bitcode-tool /Applications/Xcode.app/Contents/Developer/Toolchains/XcodeDefault.xctoolchain/usr/bin/bitcode_strip --emit-dependency-info /tmp/merlin-e2e-derived/Build/Intermediates.noindex/Merlin.build/Debug/TestTargetApp.build/SwiftStdLibToolInputDependencies.dep --filter-for-swift-os --back-deploy-swift-span
Ignoring --strip-bitcode because --sign was not passed

ProcessInfoPlistFile /tmp/merlin-e2e-derived/Build/Products/Debug/TestTargetApp.app/Contents/Info.plist /Users/jonzuilkowski/Documents/localProject/merlin/TestTargetApp/Info.plist (in target 'TestTargetApp' from project 'Merlin')
    cd /Users/jonzuilkowski/Documents/localProject/merlin
    builtin-infoPlistUtility /Users/jonzuilkowski/Documents/localProject/merlin/TestTargetApp/Info.plist -producttype com.apple.product-type.application -genpkginfo /tmp/merlin-e2e-derived/Build/Products/Debug/TestTargetApp.app/Contents/PkgInfo -expandbuildsettings -platform macosx -o /tmp/merlin-e2e-derived/Build/Products/Debug/TestTargetApp.app/Contents/Info.plist

2026-05-26 10:47:45.458253-0400 Merlin[58820:7725938] [Connection] Unable to get synchronousRemoteObjectProxy, error: Error Domain=NSCocoaErrorDomain Code=4097 "connection to service named com.apple.linkd.autoShortcut" UserInfo={NSDebugDescription=connection to service named com.apple.linkd.autoShortcut}
2026-05-26 10:47:45.458995-0400 Merlin[58820:7725944] [Connection] Unable to get synchronousRemoteObjectProxy, error: Error Domain=NSCocoaErrorDomain Code=4097 "connection to service named com.apple.linkd.autoShortcut" UserInfo={NSDebugDescription=connection to service named com.apple.linkd.autoShortcut}
2026-05-26 10:47:45.459261-0400 Merlin[58820:7725938] [Application] Error registering app with intents framework: Error Domain=NSCocoaErrorDomain Code=4097 "connection to service named com.apple.linkd.autoShortcut" UserInfo={NSDebugDescription=connection to service named com.apple.linkd.autoShortcut}
2026-05-26 10:47:45.459266-0400 Merlin[58820:7725944] [Connection] Unable to re-register with Process Instance Registry, error: Error Domain=NSCocoaErrorDomain Code=4097 "connection to service named com.apple.linkd.autoShortcut" UserInfo={NSDebugDescription=connection to service named com.apple.linkd.autoShortcut}
2026-05-26 10:47:45.459667-0400 Merlin[58820:7725946] [Connection] Unable to get synchronousRemoteObjectProxy, error: Error Domain=NSCocoaErrorDomain Code=4097 "connection to service named com.apple.linkd.autoShortcut" UserInfo={NSDebugDescription=connection to service named com.apple.linkd.autoShortcut}
2026-05-26 10:47:45.459682-0400 Merlin[58820:7725946] [Connection] Unable to re-register with Process Instance Registry, error: Error Domain=NSCocoaErrorDomain Code=4097 "connection to service named com.apple.linkd.autoShortcut" UserInfo={NSDebugDescription=connection to service named com.apple.linkd.autoShortcut}
2026-05-26 10:47:45.460189-0400 Merlin[58820:7725946] [Connection] Will NOT re-try to establish the connection
2026-05-26 10:47:45.460210-0400 Merlin[58820:7725938] [Connection] Unable to get synchronousRemoteObjectProxy, error: Error Domain=NSCocoaErrorDomain Code=4097 "connection to service named com.apple.linkd.autoShortcut" UserInfo={NSDebugDescription=connection to service named com.apple.linkd.autoShortcut}
2026-05-26 10:47:45.460219-0400 Merlin[58820:7725938] [Connection] Unable to re-register with Process Instance Registry, error: Error Domain=NSCocoaErrorDomain Code=4097 "connection to service named com.apple.linkd.autoShortcut" UserInfo={NSDebugDescription=connection to service named com.apple.linkd.autoShortcut}
2026-05-26 10:47:45.514420-0400 Merlin[58820:7725927] ApplePersistenceIgnoreState: Existing state will not be touched. New state will be written to /var/folders/rh/p7pv2pnj1mn6l5y5q72wvztm0000gn/T/com.merlin.app.savedState
Test Suite 'Selected tests' started at 2026-05-26 10:47:46.099.
Test Suite 'MerlinE2ETests.xctest' started at 2026-05-26 10:47:46.099.
Test Suite 'CapabilityScenarioTests' started at 2026-05-26 10:47:46.099.
Test Case '-[MerlinE2ETests.CapabilityScenarioTests testS2RustDebugCycle]' started.
2026-05-26 10:47:46.604450-0400 Merlin[58820:7725937] [connection] nw_socket_handle_socket_event [C2.1.1:2] Socket SO_ERROR [61: Connection refused]
2026-05-26 10:47:46.604491-0400 Merlin[58820:7725937] [connection] nw_endpoint_flow_failed_with_error [C2.1.1 ::1.8083 in_progress socket-flow (satisfied (Path is satisfied), viable, interface: lo0)] already failing, returning
2026-05-26 10:48:49.412790-0400 Merlin[58820:7725975] [] nw_path_necp_check_for_updates Failed to copy updated result (22)
2026-05-26 10:49:25.888909-0400 Merlin[58820:7725946] [connection] nw_connection_copy_protocol_metadata_internal_block_invoke [C19] Client called nw_connection_copy_protocol_metadata_internal on unconnected nw_connection
2026-05-26 10:49:25.889475-0400 Merlin[58820:7725946] [connection] nw_connection_copy_protocol_metadata_internal_block_invoke [C19] Client called nw_connection_copy_protocol_metadata_internal on unconnected nw_connection
2026-05-26 10:49:25.889480-0400 Merlin[58820:7725946] [connection] nw_connection_copy_protocol_metadata_internal_block_invoke [C19] Client called nw_connection_copy_protocol_metadata_internal on unconnected nw_connection
2026-05-26 10:49:25.889483-0400 Merlin[58820:7725946] [connection] nw_connection_copy_connected_local_endpoint_block_invoke [C19] Client called nw_connection_copy_connected_local_endpoint on unconnected nw_connection
2026-05-26 10:49:25.889486-0400 Merlin[58820:7725946] [connection] nw_connection_copy_connected_remote_endpoint_block_invoke [C19] Client called nw_connection_copy_connected_remote_endpoint on unconnected nw_connection
2026-05-26 10:49:31.478934-0400 Merlin[58820:7725946] [connection] nw_connection_copy_protocol_metadata_internal_block_invoke [C22] Client called nw_connection_copy_protocol_metadata_internal on unconnected nw_connection
2026-05-26 10:49:31.478959-0400 Merlin[58820:7725946] [connection] nw_connection_copy_protocol_metadata_internal_block_invoke [C22] Client called nw_connection_copy_protocol_metadata_internal on unconnected nw_connection
2026-05-26 10:49:31.478966-0400 Merlin[58820:7725946] [connection] nw_connection_copy_protocol_metadata_internal_block_invoke [C22] Client called nw_connection_copy_protocol_metadata_internal on unconnected nw_connection
2026-05-26 10:49:31.478972-0400 Merlin[58820:7725946] [connection] nw_connection_copy_connected_local_endpoint_block_invoke [C22] Client called nw_connection_copy_connected_local_endpoint on unconnected nw_connection
2026-05-26 10:49:31.478976-0400 Merlin[58820:7725946] [connection] nw_connection_copy_connected_remote_endpoint_block_invoke [C22] Client called nw_connection_copy_connected_remote_endpoint on unconnected nw_connection
2026-05-26 10:49:37.058916-0400 Merlin[58820:7725981] [connection] nw_connection_copy_protocol_metadata_internal_block_invoke [C25] Client called nw_connection_copy_protocol_metadata_internal on unconnected nw_connection
2026-05-26 10:49:37.058931-0400 Merlin[58820:7725981] [connection] nw_connection_copy_protocol_metadata_internal_block_invoke [C25] Client called nw_connection_copy_protocol_metadata_internal on unconnected nw_connection
2026-05-26 10:49:37.058934-0400 Merlin[58820:7725981] [connection] nw_connection_copy_protocol_metadata_internal_block_invoke [C25] Client called nw_connection_copy_protocol_metadata_internal on unconnected nw_connection
2026-05-26 10:49:37.058937-0400 Merlin[58820:7725981] [connection] nw_connection_copy_connected_local_endpoint_block_invoke [C25] Client called nw_connection_copy_connected_local_endpoint on unconnected nw_connection
2026-05-26 10:49:37.058940-0400 Merlin[58820:7725981] [connection] nw_connection_copy_connected_remote_endpoint_block_invoke [C25] Client called nw_connection_copy_connected_remote_endpoint on unconnected nw_connection
2026-05-26 10:49:41.743541-0400 Merlin[58820:7725963] [] nw_path_necp_check_for_updates Failed to copy updated result (22)
2026-05-26 10:49:43.462515-0400 Merlin[58820:7728350] [] nw_path_necp_check_for_updates Failed to copy updated result (22)
2026-05-26 10:49:48.425740-0400 Merlin[58820:7728350] [] nw_path_necp_check_for_updates Failed to copy updated result (22)
/Users/jonzuilkowski/Documents/localProject/merlin/MerlinE2ETests/CapabilityScenarioTests.swift:109: error: -[MerlinE2ETests.CapabilityScenarioTests testS2RustDebugCycle] : XCTAssertTrue failed - S2: cargo test must be green after Merlin's fixes
Test Case '-[MerlinE2ETests.CapabilityScenarioTests testS2RustDebugCycle]' failed (127.260 seconds).
Test Suite 'CapabilityScenarioTests' failed at 2026-05-26 10:49:53.360.
	 Executed 1 test, with 1 failure (0 unexpected) in 127.260 (127.261) seconds
Test Suite 'MerlinE2ETests.xctest' failed at 2026-05-26 10:49:53.360.
	 Executed 1 test, with 1 failure (0 unexpected) in 127.260 (127.261) seconds
Test Suite 'Selected tests' failed at 2026-05-26 10:49:53.360.
	 Executed 1 test, with 1 failure (0 unexpected) in 127.260 (127.261) seconds
2026-05-26 10:49:58.719 xcodebuild[58728:7725597] [MT] IDETestOperationsObserverDebug: 134.141 elapsed -- Testing started completed.
2026-05-26 10:49:58.719 xcodebuild[58728:7725597] [MT] IDETestOperationsObserverDebug: 0.000 sec, +0.000 sec -- start
2026-05-26 10:49:58.719 xcodebuild[58728:7725597] [MT] IDETestOperationsObserverDebug: 134.141 sec, +134.141 sec -- end

Test session results, code coverage, and logs:
	/tmp/merlin-e2e-derived/Logs/Test/Test-MerlinTests-Live-2026.05.26_10-47-42--0400.xcresult

Failing tests:
	CapabilityScenarioTests.testS2RustDebugCycle()

** TEST FAILED **

Testing started
