Command line invocation:
    /Applications/Xcode.app/Contents/Developer/usr/bin/xcodebuild test -project Merlin.xcodeproj -scheme MerlinTests -destination platform=macOS -derivedDataPath /tmp/merlin-derived-task501-green "-only-testing:MerlinTests/LlamaCppModelManagerTests/testEnsureModelLoadedAcceptsRouterCatalogModelWhenLoadEndpointRejects" "-only-testing:MerlinTests/CriticEngineTests/testStage1FailureReasonPreservesNamedFailingXcodeTestsAfterVerboseBuildOutput"

ComputePackagePrebuildTargetDependencyGraph

Prepare packages

CreateBuildRequest

SendProjectDescription

CreateBuildOperation

ComputeTargetDependencyGraph
note: Building targets in dependency order
note: Target dependency graph (4 targets)
    Target 'MerlinTests' in project 'Merlin'
        ➜ Explicit dependency on target 'Merlin' in project 'Merlin'
    Target 'Merlin' in project 'Merlin'
        ➜ Explicit dependency on target 'MerlinElectronicsPlugin' in project 'Merlin'
        ➜ Explicit dependency on target 'merlin-discipline' in project 'Merlin'
    Target 'merlin-discipline' in project 'Merlin' (no dependencies)
    Target 'MerlinElectronicsPlugin' in project 'Merlin' (no dependencies)

GatherProvisioningInputs

CreateBuildDescription

ClangStatCache /Applications/Xcode.app/Contents/Developer/Toolchains/XcodeDefault.xctoolchain/usr/bin/clang-stat-cache /Applications/Xcode.app/Contents/Developer/Platforms/MacOSX.platform/Developer/SDKs/MacOSX26.5.sdk /tmp/merlin-derived-task501-green/SDKStatCaches.noindex/macosx26.5-25F70-688ef53f1462e2c8f657fdc38a81448fe082c4a02f00227109f4ed75e425c832.sdkstatcache
    cd /Users/jonzuilkowski/Documents/localProject/merlin/Merlin.xcodeproj
    /Applications/Xcode.app/Contents/Developer/Toolchains/XcodeDefault.xctoolchain/usr/bin/clang-stat-cache /Applications/Xcode.app/Contents/Developer/Platforms/MacOSX.platform/Developer/SDKs/MacOSX26.5.sdk -o /tmp/merlin-derived-task501-green/SDKStatCaches.noindex/macosx26.5-25F70-688ef53f1462e2c8f657fdc38a81448fe082c4a02f00227109f4ed75e425c832.sdkstatcache

SwiftDriver Merlin normal arm64 com.apple.xcode.tools.swift.compiler (in target 'Merlin' from project 'Merlin')
    cd /Users/jonzuilkowski/Documents/localProject/merlin
    builtin-SwiftDriver -- /Applications/Xcode.app/Contents/Developer/Toolchains/XcodeDefault.xctoolchain/usr/bin/swiftc -module-name Merlin -Onone @/tmp/merlin-derived-task501-green/Build/Intermediates.noindex/Merlin.build/Debug/Merlin.build/Objects-normal/arm64/Merlin.SwiftFileList -DDEBUG -enable-upcoming-feature StrictConcurrency -enable-bare-slash-regex -enable-experimental-feature DebugDescriptionMacro -sdk /Applications/Xcode.app/Contents/Developer/Platforms/MacOSX.platform/Developer/SDKs/MacOSX26.5.sdk -target arm64-apple-macos14.0 -g -module-cache-path /tmp/merlin-derived-task501-green/ModuleCache.noindex -Xfrontend -serialize-debugging-options -enable-testing -index-store-path /tmp/merlin-derived-task501-green/Index.noindex/DataStore -Xcc -D_LIBCPP_HARDENING_MODE\=_LIBCPP_HARDENING_MODE_DEBUG -swift-version 5 -I /tmp/merlin-derived-task501-green/Build/Products/Debug -F /tmp/merlin-derived-task501-green/Build/Products/Debug -c -j16 -enable-batch-mode -incremental -Xcc -ivfsstatcache -Xcc /tmp/merlin-derived-task501-green/SDKStatCaches.noindex/macosx26.5-25F70-688ef53f1462e2c8f657fdc38a81448fe082c4a02f00227109f4ed75e425c832.sdkstatcache -output-file-map /tmp/merlin-derived-task501-green/Build/Intermediates.noindex/Merlin.build/Debug/Merlin.build/Objects-normal/arm64/Merlin-OutputFileMap.json -use-frontend-parseable-output -save-temps -no-color-diagnostics -explicit-module-build -module-cache-path /tmp/merlin-derived-task501-green/Build/Intermediates.noindex/SwiftExplicitPrecompiledModules -clang-scanner-module-cache-path /tmp/merlin-derived-task501-green/ModuleCache.noindex -sdk-module-cache-path /tmp/merlin-derived-task501-green/ModuleCache.noindex -serialize-diagnostics -emit-dependencies -emit-module -emit-module-path /tmp/merlin-derived-task501-green/Build/Intermediates.noindex/Merlin.build/Debug/Merlin.build/Objects-normal/arm64/Merlin.swiftmodule -validate-clang-modules-once -clang-build-session-file /tmp/merlin-derived-task501-green/ModuleCache.noindex/Session.modulevalidation -Xcc -I/tmp/merlin-derived-task501-green/Build/Intermediates.noindex/Merlin.build/Debug/Merlin.build/swift-overrides.hmap -emit-const-values -Xfrontend -const-gather-protocols-file -Xfrontend /tmp/merlin-derived-task501-green/Build/Intermediates.noindex/Merlin.build/Debug/Merlin.build/Objects-normal/arm64/Merlin_const_extract_protocols.json -Xcc -iquote -Xcc /tmp/merlin-derived-task501-green/Build/Intermediates.noindex/Merlin.build/Debug/Merlin.build/Merlin-generated-files.hmap -Xcc -I/tmp/merlin-derived-task501-green/Build/Intermediates.noindex/Merlin.build/Debug/Merlin.build/Merlin-own-target-headers.hmap -Xcc -I/tmp/merlin-derived-task501-green/Build/Intermediates.noindex/Merlin.build/Debug/Merlin.build/Merlin-all-target-headers.hmap -Xcc -iquote -Xcc /tmp/merlin-derived-task501-green/Build/Intermediates.noindex/Merlin.build/Debug/Merlin.build/Merlin-project-headers.hmap -Xcc -I/tmp/merlin-derived-task501-green/Build/Products/Debug/include -Xcc -I/tmp/merlin-derived-task501-green/Build/Intermediates.noindex/Merlin.build/Debug/Merlin.build/DerivedSources-normal/arm64 -Xcc -I/tmp/merlin-derived-task501-green/Build/Intermediates.noindex/Merlin.build/Debug/Merlin.build/DerivedSources/arm64 -Xcc -I/tmp/merlin-derived-task501-green/Build/Intermediates.noindex/Merlin.build/Debug/Merlin.build/DerivedSources -Xcc -DDEBUG\=1 -emit-objc-header -emit-objc-header-path /tmp/merlin-derived-task501-green/Build/Intermediates.noindex/Merlin.build/Debug/Merlin.build/Objects-normal/arm64/Merlin-Swift.h -working-directory /Users/jonzuilkowski/Documents/localProject/merlin -experimental-emit-module-separately -disable-cmo

SwiftEmitModule normal arm64 Emitting\ module\ for\ Merlin (in target 'Merlin' from project 'Merlin')

EmitSwiftModule normal arm64 (in target 'Merlin' from project 'Merlin')
    cd /Users/jonzuilkowski/Documents/localProject/merlin

/Users/jonzuilkowski/Documents/localProject/merlin/Merlin/App/MerlinApp.swift:125:21: warning: conformance of 'NSWindow' to protocol 'WorkspaceWindowCandidate' crosses into main actor-isolated code and can cause data races; this is an error in the Swift 6 language mode
extension NSWindow: WorkspaceWindowCandidate {}
                    ^
/Users/jonzuilkowski/Documents/localProject/merlin/Merlin/App/MerlinApp.swift:125:21: note: isolate this conformance to the main actor with '@MainActor'
extension NSWindow: WorkspaceWindowCandidate {}
                    ^
                    @MainActor
/Users/jonzuilkowski/Documents/localProject/merlin/Merlin/App/MerlinApp.swift:125:21: note: turn data races into runtime errors with '@preconcurrency'
extension NSWindow: WorkspaceWindowCandidate {}
                    ^
                    @preconcurrency
/Applications/Xcode.app/Contents/Developer/Platforms/MacOSX.platform/Developer/SDKs/MacOSX26.5.sdk/System/Library/Frameworks/AppKit.framework/Headers/NSWindow.h:435:45: note: main actor-isolated property 'isVisible' cannot satisfy nonisolated requirement
@property (getter=isVisible, readonly) BOOL visible;
                                            ^
/Applications/Xcode.app/Contents/Developer/Platforms/MacOSX.platform/Developer/SDKs/MacOSX26.5.sdk/System/Library/Frameworks/AppKit.framework/Headers/NSWindow.h:398:50: note: main actor-isolated property 'isMiniaturized' cannot satisfy nonisolated requirement
@property (getter=isMiniaturized, readonly) BOOL miniaturized;
                                                 ^
/Applications/Xcode.app/Contents/Developer/Platforms/MacOSX.platform/Developer/SDKs/MacOSX26.5.sdk/System/Library/Frameworks/AppKit.framework/Headers/NSWindow.h:438:27: note: main actor-isolated property 'canBecomeKey' cannot satisfy nonisolated requirement
@property (readonly) BOOL canBecomeKeyWindow;
                          ^
/Applications/Xcode.app/Contents/Developer/Platforms/MacOSX.platform/Developer/SDKs/MacOSX26.5.sdk/System/Library/Frameworks/AppKit.framework/Headers/NSWindow.h:342:29: note: main actor-isolated property 'styleMask' cannot satisfy nonisolated requirement
@property NSWindowStyleMask styleMask;
                            ^
/Applications/Xcode.app/Contents/Developer/Platforms/MacOSX.platform/Developer/SDKs/MacOSX26.5.sdk/System/Library/Frameworks/AppKit.framework/Headers/NSWindow.h:359:29: note: main actor-isolated property 'frame' cannot satisfy nonisolated requirement
@property (readonly) NSRect frame;
                            ^

SwiftCompile normal arm64 Compiling\ CriticEngine.swift /Users/jonzuilkowski/Documents/localProject/merlin/Merlin/Engine/CriticEngine.swift (in target 'Merlin' from project 'Merlin')

SwiftCompile normal arm64 /Users/jonzuilkowski/Documents/localProject/merlin/Merlin/Engine/CriticEngine.swift (in target 'Merlin' from project 'Merlin')
    cd /Users/jonzuilkowski/Documents/localProject/merlin


SwiftDriverJobDiscovery normal arm64 Compiling CriticEngine.swift (in target 'Merlin' from project 'Merlin')

SwiftDriver\ Compilation Merlin normal arm64 com.apple.xcode.tools.swift.compiler (in target 'Merlin' from project 'Merlin')
    cd /Users/jonzuilkowski/Documents/localProject/merlin
    builtin-Swift-Compilation -- /Applications/Xcode.app/Contents/Developer/Toolchains/XcodeDefault.xctoolchain/usr/bin/swiftc -module-name Merlin -Onone @/tmp/merlin-derived-task501-green/Build/Intermediates.noindex/Merlin.build/Debug/Merlin.build/Objects-normal/arm64/Merlin.SwiftFileList -DDEBUG -enable-upcoming-feature StrictConcurrency -enable-bare-slash-regex -enable-experimental-feature DebugDescriptionMacro -sdk /Applications/Xcode.app/Contents/Developer/Platforms/MacOSX.platform/Developer/SDKs/MacOSX26.5.sdk -target arm64-apple-macos14.0 -g -module-cache-path /tmp/merlin-derived-task501-green/ModuleCache.noindex -Xfrontend -serialize-debugging-options -enable-testing -index-store-path /tmp/merlin-derived-task501-green/Index.noindex/DataStore -Xcc -D_LIBCPP_HARDENING_MODE\=_LIBCPP_HARDENING_MODE_DEBUG -swift-version 5 -I /tmp/merlin-derived-task501-green/Build/Products/Debug -F /tmp/merlin-derived-task501-green/Build/Products/Debug -c -j16 -enable-batch-mode -incremental -Xcc -ivfsstatcache -Xcc /tmp/merlin-derived-task501-green/SDKStatCaches.noindex/macosx26.5-25F70-688ef53f1462e2c8f657fdc38a81448fe082c4a02f00227109f4ed75e425c832.sdkstatcache -output-file-map /tmp/merlin-derived-task501-green/Build/Intermediates.noindex/Merlin.build/Debug/Merlin.build/Objects-normal/arm64/Merlin-OutputFileMap.json -use-frontend-parseable-output -save-temps -no-color-diagnostics -explicit-module-build -module-cache-path /tmp/merlin-derived-task501-green/Build/Intermediates.noindex/SwiftExplicitPrecompiledModules -clang-scanner-module-cache-path /tmp/merlin-derived-task501-green/ModuleCache.noindex -sdk-module-cache-path /tmp/merlin-derived-task501-green/ModuleCache.noindex -serialize-diagnostics -emit-dependencies -emit-module -emit-module-path /tmp/merlin-derived-task501-green/Build/Intermediates.noindex/Merlin.build/Debug/Merlin.build/Objects-normal/arm64/Merlin.swiftmodule -validate-clang-modules-once -clang-build-session-file /tmp/merlin-derived-task501-green/ModuleCache.noindex/Session.modulevalidation -Xcc -I/tmp/merlin-derived-task501-green/Build/Intermediates.noindex/Merlin.build/Debug/Merlin.build/swift-overrides.hmap -emit-const-values -Xfrontend -const-gather-protocols-file -Xfrontend /tmp/merlin-derived-task501-green/Build/Intermediates.noindex/Merlin.build/Debug/Merlin.build/Objects-normal/arm64/Merlin_const_extract_protocols.json -Xcc -iquote -Xcc /tmp/merlin-derived-task501-green/Build/Intermediates.noindex/Merlin.build/Debug/Merlin.build/Merlin-generated-files.hmap -Xcc -I/tmp/merlin-derived-task501-green/Build/Intermediates.noindex/Merlin.build/Debug/Merlin.build/Merlin-own-target-headers.hmap -Xcc -I/tmp/merlin-derived-task501-green/Build/Intermediates.noindex/Merlin.build/Debug/Merlin.build/Merlin-all-target-headers.hmap -Xcc -iquote -Xcc /tmp/merlin-derived-task501-green/Build/Intermediates.noindex/Merlin.build/Debug/Merlin.build/Merlin-project-headers.hmap -Xcc -I/tmp/merlin-derived-task501-green/Build/Products/Debug/include -Xcc -I/tmp/merlin-derived-task501-green/Build/Intermediates.noindex/Merlin.build/Debug/Merlin.build/DerivedSources-normal/arm64 -Xcc -I/tmp/merlin-derived-task501-green/Build/Intermediates.noindex/Merlin.build/Debug/Merlin.build/DerivedSources/arm64 -Xcc -I/tmp/merlin-derived-task501-green/Build/Intermediates.noindex/Merlin.build/Debug/Merlin.build/DerivedSources -Xcc -DDEBUG\=1 -emit-objc-header -emit-objc-header-path /tmp/merlin-derived-task501-green/Build/Intermediates.noindex/Merlin.build/Debug/Merlin.build/Objects-normal/arm64/Merlin-Swift.h -working-directory /Users/jonzuilkowski/Documents/localProject/merlin -experimental-emit-module-separately -disable-cmo

SwiftDriverJobDiscovery normal arm64 Emitting module for Merlin (in target 'Merlin' from project 'Merlin')

SwiftDriver\ Compilation\ Requirements Merlin normal arm64 com.apple.xcode.tools.swift.compiler (in target 'Merlin' from project 'Merlin')
    cd /Users/jonzuilkowski/Documents/localProject/merlin
    builtin-Swift-Compilation-Requirements -- /Applications/Xcode.app/Contents/Developer/Toolchains/XcodeDefault.xctoolchain/usr/bin/swiftc -module-name Merlin -Onone @/tmp/merlin-derived-task501-green/Build/Intermediates.noindex/Merlin.build/Debug/Merlin.build/Objects-normal/arm64/Merlin.SwiftFileList -DDEBUG -enable-upcoming-feature StrictConcurrency -enable-bare-slash-regex -enable-experimental-feature DebugDescriptionMacro -sdk /Applications/Xcode.app/Contents/Developer/Platforms/MacOSX.platform/Developer/SDKs/MacOSX26.5.sdk -target arm64-apple-macos14.0 -g -module-cache-path /tmp/merlin-derived-task501-green/ModuleCache.noindex -Xfrontend -serialize-debugging-options -enable-testing -index-store-path /tmp/merlin-derived-task501-green/Index.noindex/DataStore -Xcc -D_LIBCPP_HARDENING_MODE\=_LIBCPP_HARDENING_MODE_DEBUG -swift-version 5 -I /tmp/merlin-derived-task501-green/Build/Products/Debug -F /tmp/merlin-derived-task501-green/Build/Products/Debug -c -j16 -enable-batch-mode -incremental -Xcc -ivfsstatcache -Xcc /tmp/merlin-derived-task501-green/SDKStatCaches.noindex/macosx26.5-25F70-688ef53f1462e2c8f657fdc38a81448fe082c4a02f00227109f4ed75e425c832.sdkstatcache -output-file-map /tmp/merlin-derived-task501-green/Build/Intermediates.noindex/Merlin.build/Debug/Merlin.build/Objects-normal/arm64/Merlin-OutputFileMap.json -use-frontend-parseable-output -save-temps -no-color-diagnostics -explicit-module-build -module-cache-path /tmp/merlin-derived-task501-green/Build/Intermediates.noindex/SwiftExplicitPrecompiledModules -clang-scanner-module-cache-path /tmp/merlin-derived-task501-green/ModuleCache.noindex -sdk-module-cache-path /tmp/merlin-derived-task501-green/ModuleCache.noindex -serialize-diagnostics -emit-dependencies -emit-module -emit-module-path /tmp/merlin-derived-task501-green/Build/Intermediates.noindex/Merlin.build/Debug/Merlin.build/Objects-normal/arm64/Merlin.swiftmodule -validate-clang-modules-once -clang-build-session-file /tmp/merlin-derived-task501-green/ModuleCache.noindex/Session.modulevalidation -Xcc -I/tmp/merlin-derived-task501-green/Build/Intermediates.noindex/Merlin.build/Debug/Merlin.build/swift-overrides.hmap -emit-const-values -Xfrontend -const-gather-protocols-file -Xfrontend /tmp/merlin-derived-task501-green/Build/Intermediates.noindex/Merlin.build/Debug/Merlin.build/Objects-normal/arm64/Merlin_const_extract_protocols.json -Xcc -iquote -Xcc /tmp/merlin-derived-task501-green/Build/Intermediates.noindex/Merlin.build/Debug/Merlin.build/Merlin-generated-files.hmap -Xcc -I/tmp/merlin-derived-task501-green/Build/Intermediates.noindex/Merlin.build/Debug/Merlin.build/Merlin-own-target-headers.hmap -Xcc -I/tmp/merlin-derived-task501-green/Build/Intermediates.noindex/Merlin.build/Debug/Merlin.build/Merlin-all-target-headers.hmap -Xcc -iquote -Xcc /tmp/merlin-derived-task501-green/Build/Intermediates.noindex/Merlin.build/Debug/Merlin.build/Merlin-project-headers.hmap -Xcc -I/tmp/merlin-derived-task501-green/Build/Products/Debug/include -Xcc -I/tmp/merlin-derived-task501-green/Build/Intermediates.noindex/Merlin.build/Debug/Merlin.build/DerivedSources-normal/arm64 -Xcc -I/tmp/merlin-derived-task501-green/Build/Intermediates.noindex/Merlin.build/Debug/Merlin.build/DerivedSources/arm64 -Xcc -I/tmp/merlin-derived-task501-green/Build/Intermediates.noindex/Merlin.build/Debug/Merlin.build/DerivedSources -Xcc -DDEBUG\=1 -emit-objc-header -emit-objc-header-path /tmp/merlin-derived-task501-green/Build/Intermediates.noindex/Merlin.build/Debug/Merlin.build/Objects-normal/arm64/Merlin-Swift.h -working-directory /Users/jonzuilkowski/Documents/localProject/merlin -experimental-emit-module-separately -disable-cmo

Copy /tmp/merlin-derived-task501-green/Build/Products/Debug/Merlin.swiftmodule/arm64-apple-macos.abi.json /tmp/merlin-derived-task501-green/Build/Intermediates.noindex/Merlin.build/Debug/Merlin.build/Objects-normal/arm64/Merlin.abi.json (in target 'Merlin' from project 'Merlin')
    cd /Users/jonzuilkowski/Documents/localProject/merlin
    builtin-copy -exclude .DS_Store -exclude CVS -exclude .svn -exclude .git -exclude .hg -resolve-src-symlinks -rename /tmp/merlin-derived-task501-green/Build/Intermediates.noindex/Merlin.build/Debug/Merlin.build/Objects-normal/arm64/Merlin.abi.json /tmp/merlin-derived-task501-green/Build/Products/Debug/Merlin.swiftmodule/arm64-apple-macos.abi.json

Copy /tmp/merlin-derived-task501-green/Build/Products/Debug/Merlin.swiftmodule/Project/arm64-apple-macos.swiftsourceinfo /tmp/merlin-derived-task501-green/Build/Intermediates.noindex/Merlin.build/Debug/Merlin.build/Objects-normal/arm64/Merlin.swiftsourceinfo (in target 'Merlin' from project 'Merlin')
    cd /Users/jonzuilkowski/Documents/localProject/merlin
    builtin-copy -exclude .DS_Store -exclude CVS -exclude .svn -exclude .git -exclude .hg -resolve-src-symlinks -rename /tmp/merlin-derived-task501-green/Build/Intermediates.noindex/Merlin.build/Debug/Merlin.build/Objects-normal/arm64/Merlin.swiftsourceinfo /tmp/merlin-derived-task501-green/Build/Products/Debug/Merlin.swiftmodule/Project/arm64-apple-macos.swiftsourceinfo

Ld /tmp/merlin-derived-task501-green/Build/Products/Debug/Merlin.app/Contents/MacOS/Merlin.debug.dylib normal (in target 'Merlin' from project 'Merlin')
    cd /Users/jonzuilkowski/Documents/localProject/merlin
    /Applications/Xcode.app/Contents/Developer/Toolchains/XcodeDefault.xctoolchain/usr/bin/clang -Xlinker -reproducible -target arm64-apple-macos14.0 -dynamiclib -isysroot /Applications/Xcode.app/Contents/Developer/Platforms/MacOSX.platform/Developer/SDKs/MacOSX26.5.sdk -O0 -L/tmp/merlin-derived-task501-green/Build/Intermediates.noindex/EagerLinkingTBDs/Debug -L/tmp/merlin-derived-task501-green/Build/Products/Debug -F/tmp/merlin-derived-task501-green/Build/Intermediates.noindex/EagerLinkingTBDs/Debug -F/tmp/merlin-derived-task501-green/Build/Products/Debug -filelist /tmp/merlin-derived-task501-green/Build/Intermediates.noindex/Merlin.build/Debug/Merlin.build/Objects-normal/arm64/Merlin.LinkFileList -install_name @rpath/Merlin.debug.dylib -Xlinker -rpath -Xlinker /usr/lib/swift -Xlinker -rpath -Xlinker @executable_path/../Frameworks -Xlinker -rpath -Xlinker @executable_path/../Resources -Xlinker -object_path_lto -Xlinker /tmp/merlin-derived-task501-green/Build/Intermediates.noindex/Merlin.build/Debug/Merlin.build/Objects-normal/arm64/Merlin_lto.o -rdynamic -Xlinker -no_deduplicate -Xlinker -dependency_info -Xlinker /tmp/merlin-derived-task501-green/Build/Intermediates.noindex/Merlin.build/Debug/Merlin.build/Objects-normal/arm64/Merlin_dependency_info.dat -fobjc-link-runtime -L/Applications/Xcode.app/Contents/Developer/Toolchains/XcodeDefault.xctoolchain/usr/lib/swift/macosx -L/usr/lib/swift -Xlinker -add_ast_path -Xlinker /tmp/merlin-derived-task501-green/Build/Intermediates.noindex/Merlin.build/Debug/Merlin.build/Objects-normal/arm64/Merlin.swiftmodule @/tmp/merlin-derived-task501-green/Build/Intermediates.noindex/Merlin.build/Debug/Merlin.build/Objects-normal/arm64/Merlin-linker-args.resp -Xlinker -alias -Xlinker _main -Xlinker ___debug_main_executable_dylib_entry_point /tmp/merlin-derived-task501-green/Build/Products/Debug/MerlinElectronicsPlugin.dylib -framework AppIntents -Xlinker -no_adhoc_codesign -o /tmp/merlin-derived-task501-green/Build/Products/Debug/Merlin.app/Contents/MacOS/Merlin.debug.dylib

ConstructStubExecutorLinkFileList /tmp/merlin-derived-task501-green/Build/Intermediates.noindex/Merlin.build/Debug/Merlin.build/Merlin-ExecutorLinkFileList-normal-arm64.txt (in target 'Merlin' from project 'Merlin')
    cd /Users/jonzuilkowski/Documents/localProject/merlin
    construct-stub-executor-link-file-list /tmp/merlin-derived-task501-green/Build/Products/Debug/Merlin.app/Contents/MacOS/Merlin.debug.dylib /Applications/Xcode.app/Contents/Developer/Platforms/MacOSX.platform/Developer/usr/lib/libPreviewsJITStubExecutor_no_swift_entry_point.a /Applications/Xcode.app/Contents/Developer/Platforms/MacOSX.platform/Developer/usr/lib/libPreviewsJITStubExecutor.a --output /tmp/merlin-derived-task501-green/Build/Intermediates.noindex/Merlin.build/Debug/Merlin.build/Merlin-ExecutorLinkFileList-normal-arm64.txt
note: Using stub executor library with Swift entry point. (in target 'Merlin' from project 'Merlin')

Ld /tmp/merlin-derived-task501-green/Build/Products/Debug/Merlin.app/Contents/MacOS/Merlin normal (in target 'Merlin' from project 'Merlin')
    cd /Users/jonzuilkowski/Documents/localProject/merlin
    /Applications/Xcode.app/Contents/Developer/Toolchains/XcodeDefault.xctoolchain/usr/bin/clang -Xlinker -reproducible -target arm64-apple-macos14.0 -isysroot /Applications/Xcode.app/Contents/Developer/Platforms/MacOSX.platform/Developer/SDKs/MacOSX26.5.sdk -O0 -L/tmp/merlin-derived-task501-green/Build/Products/Debug -F/tmp/merlin-derived-task501-green/Build/Products/Debug -Xlinker -rpath -Xlinker @executable_path -Xlinker -rpath -Xlinker @executable_path/../Frameworks -Xlinker -rpath -Xlinker @executable_path/../Resources -rdynamic -Xlinker -no_deduplicate -e ___debug_blank_executor_main -Xlinker -sectcreate -Xlinker __TEXT -Xlinker __debug_dylib -Xlinker /tmp/merlin-derived-task501-green/Build/Intermediates.noindex/Merlin.build/Debug/Merlin.build/Merlin-DebugDylibPath-normal-arm64.txt -Xlinker -sectcreate -Xlinker __TEXT -Xlinker __debug_instlnm -Xlinker /tmp/merlin-derived-task501-green/Build/Intermediates.noindex/Merlin.build/Debug/Merlin.build/Merlin-DebugDylibInstallName-normal-arm64.txt -Xlinker -filelist -Xlinker /tmp/merlin-derived-task501-green/Build/Intermediates.noindex/Merlin.build/Debug/Merlin.build/Merlin-ExecutorLinkFileList-normal-arm64.txt /tmp/merlin-derived-task501-green/Build/Products/Debug/Merlin.app/Contents/MacOS/Merlin.debug.dylib -Xlinker -no_adhoc_codesign -o /tmp/merlin-derived-task501-green/Build/Products/Debug/Merlin.app/Contents/MacOS/Merlin

ExtractAppIntentsMetadata (in target 'Merlin' from project 'Merlin')
    cd /Users/jonzuilkowski/Documents/localProject/merlin
    /Applications/Xcode.app/Contents/Developer/Toolchains/XcodeDefault.xctoolchain/usr/bin/appintentsmetadataprocessor --toolchain-dir /var/run/com.apple.security.cryptexd/mnt/com.apple.MobileAsset.MetalToolchain-v17.6.42.0.s3WVie/Metal.xctoolchain --module-name Merlin --sdk-root /Applications/Xcode.app/Contents/Developer/Platforms/MacOSX.platform/Developer/SDKs/MacOSX26.5.sdk --xcode-version 17F42 --platform-family macOS --deployment-target 14.0 --bundle-identifier com.merlin.app --output /tmp/merlin-derived-task501-green/Build/Products/Debug/Merlin.app/Contents/Resources --target-triple arm64-apple-macos14.0 --binary-file /tmp/merlin-derived-task501-green/Build/Products/Debug/Merlin.app/Contents/MacOS/Merlin --dependency-file /tmp/merlin-derived-task501-green/Build/Intermediates.noindex/Merlin.build/Debug/Merlin.build/Objects-normal/arm64/Merlin_dependency_info.dat --stringsdata-file /tmp/merlin-derived-task501-green/Build/Intermediates.noindex/Merlin.build/Debug/Merlin.build/Objects-normal/arm64/ExtractedAppShortcutsMetadata.stringsdata --source-file-list /tmp/merlin-derived-task501-green/Build/Intermediates.noindex/Merlin.build/Debug/Merlin.build/Objects-normal/arm64/Merlin.SwiftFileList --metadata-file-list /tmp/merlin-derived-task501-green/Build/Intermediates.noindex/Merlin.build/Debug/Merlin.build/Merlin.DependencyMetadataFileList --static-metadata-file-list /tmp/merlin-derived-task501-green/Build/Intermediates.noindex/Merlin.build/Debug/Merlin.build/Merlin.DependencyStaticMetadataFileList --swift-const-vals-list /tmp/merlin-derived-task501-green/Build/Intermediates.noindex/Merlin.build/Debug/Merlin.build/Objects-normal/arm64/Merlin.SwiftConstValuesFileList --compile-time-extraction --deployment-aware-processing --validate-assistant-intents --no-app-shortcuts-localization
2026-06-11 09:30:01.403 appintentsmetadataprocessor[89882:7804530] Starting appintentsmetadataprocessor export
2026-06-11 09:30:01.534 appintentsmetadataprocessor[89882:7804530] Writing Metadata.appintents
2026-06-11 09:30:01.534 appintentsmetadataprocessor[89882:7804530] Metadata root: /tmp/merlin-derived-task501-green/Build/Products/Debug/Merlin.app/Contents/Resources/Metadata.appintents

CopySwiftLibs /tmp/merlin-derived-task501-green/Build/Products/Debug/Merlin.app (in target 'Merlin' from project 'Merlin')
    cd /Users/jonzuilkowski/Documents/localProject/merlin
    builtin-swiftStdLibTool --copy --verbose --sign 252C10CC0B11D5E61D2BC060A7B39EDE6450D2B1 --scan-executable /tmp/merlin-derived-task501-green/Build/Products/Debug/Merlin.app/Contents/MacOS/Merlin.debug.dylib --scan-folder /tmp/merlin-derived-task501-green/Build/Products/Debug/Merlin.app/Contents/Frameworks --scan-folder /tmp/merlin-derived-task501-green/Build/Products/Debug/Merlin.app/Contents/PlugIns --scan-folder /tmp/merlin-derived-task501-green/Build/Products/Debug/Merlin.app/Contents/Library/SystemExtensions --scan-folder /tmp/merlin-derived-task501-green/Build/Products/Debug/Merlin.app/Contents/Extensions --scan-folder /Applications/Xcode.app/Contents/Developer/Platforms/MacOSX.platform/Developer/SDKs/MacOSX26.5.sdk/System/Library/Frameworks/AppIntents.framework --platform macosx --toolchain /var/run/com.apple.security.cryptexd/mnt/com.apple.MobileAsset.MetalToolchain-v17.6.42.0.s3WVie/Metal.xctoolchain --toolchain /Applications/Xcode.app/Contents/Developer/Toolchains/XcodeDefault.xctoolchain --destination /tmp/merlin-derived-task501-green/Build/Products/Debug/Merlin.app/Contents/Frameworks --strip-bitcode --strip-bitcode-tool /Applications/Xcode.app/Contents/Developer/Toolchains/XcodeDefault.xctoolchain/usr/bin/bitcode_strip --emit-dependency-info /tmp/merlin-derived-task501-green/Build/Intermediates.noindex/Merlin.build/Debug/Merlin.build/SwiftStdLibToolInputDependencies.dep --filter-for-swift-os --back-deploy-swift-span

Ld /tmp/merlin-derived-task501-green/Build/Products/Debug/Merlin.app/Contents/PlugIns/MerlinTests.xctest/Contents/MacOS/MerlinTests normal (in target 'MerlinTests' from project 'Merlin')
    cd /Users/jonzuilkowski/Documents/localProject/merlin
    /Applications/Xcode.app/Contents/Developer/Toolchains/XcodeDefault.xctoolchain/usr/bin/clang -Xlinker -reproducible -target arm64-apple-macos14.0 -bundle -isysroot /Applications/Xcode.app/Contents/Developer/Platforms/MacOSX.platform/Developer/SDKs/MacOSX26.5.sdk -O0 -L/tmp/merlin-derived-task501-green/Build/Intermediates.noindex/EagerLinkingTBDs/Debug -L/tmp/merlin-derived-task501-green/Build/Products/Debug -L/Applications/Xcode.app/Contents/Developer/Platforms/MacOSX.platform/Developer/usr/lib -F/tmp/merlin-derived-task501-green/Build/Intermediates.noindex/EagerLinkingTBDs/Debug -F/tmp/merlin-derived-task501-green/Build/Products/Debug -iframework /Applications/Xcode.app/Contents/Developer/Platforms/MacOSX.platform/Developer/Library/Frameworks -filelist /tmp/merlin-derived-task501-green/Build/Intermediates.noindex/Merlin.build/Debug/MerlinTests.build/Objects-normal/arm64/MerlinTests.LinkFileList -Xlinker -rpath -Xlinker /usr/lib/swift -Xlinker -rpath -Xlinker @loader_path/../Frameworks -Xlinker -rpath -Xlinker @executable_path/../Frameworks -bundle_loader /tmp/merlin-derived-task501-green/Build/Products/Debug/Merlin.app/Contents/MacOS/Merlin -Xlinker -object_path_lto -Xlinker /tmp/merlin-derived-task501-green/Build/Intermediates.noindex/Merlin.build/Debug/MerlinTests.build/Objects-normal/arm64/MerlinTests_lto.o -rdynamic -Xlinker -no_deduplicate -Xlinker -dependency_info -Xlinker /tmp/merlin-derived-task501-green/Build/Intermediates.noindex/Merlin.build/Debug/MerlinTests.build/Objects-normal/arm64/MerlinTests_dependency_info.dat -fobjc-link-runtime -L/Applications/Xcode.app/Contents/Developer/Toolchains/XcodeDefault.xctoolchain/usr/lib/swift/macosx -L/usr/lib/swift -Xlinker -add_ast_path -Xlinker /tmp/merlin-derived-task501-green/Build/Intermediates.noindex/Merlin.build/Debug/MerlinTests.build/Objects-normal/arm64/MerlinTests.swiftmodule @/tmp/merlin-derived-task501-green/Build/Intermediates.noindex/Merlin.build/Debug/MerlinTests.build/Objects-normal/arm64/MerlinTests-linker-args.resp -Xlinker -needed_framework -Xlinker XCTest -framework XCTest -Xlinker -needed-lXCTestSwiftSupport -lXCTestSwiftSupport /tmp/merlin-derived-task501-green/Build/Products/Debug/Merlin.app/Contents/MacOS/Merlin.debug.dylib -Xlinker -no_adhoc_codesign -o /tmp/merlin-derived-task501-green/Build/Products/Debug/Merlin.app/Contents/PlugIns/MerlinTests.xctest/Contents/MacOS/MerlinTests

CopySwiftLibs /tmp/merlin-derived-task501-green/Build/Products/Debug/Merlin.app/Contents/PlugIns/MerlinTests.xctest (in target 'MerlinTests' from project 'Merlin')
    cd /Users/jonzuilkowski/Documents/localProject/merlin
    builtin-swiftStdLibTool --copy --verbose --sign - --scan-executable /tmp/merlin-derived-task501-green/Build/Products/Debug/Merlin.app/Contents/PlugIns/MerlinTests.xctest/Contents/MacOS/MerlinTests --scan-folder /tmp/merlin-derived-task501-green/Build/Products/Debug/Merlin.app/Contents/PlugIns/MerlinTests.xctest/Contents/Frameworks --scan-folder /tmp/merlin-derived-task501-green/Build/Products/Debug/Merlin.app/Contents/PlugIns/MerlinTests.xctest/Contents/PlugIns --scan-folder /tmp/merlin-derived-task501-green/Build/Products/Debug/Merlin.app/Contents/PlugIns/MerlinTests.xctest/Contents/Library/SystemExtensions --scan-folder /tmp/merlin-derived-task501-green/Build/Products/Debug/Merlin.app/Contents/PlugIns/MerlinTests.xctest/Contents/Extensions --platform macosx --toolchain /var/run/com.apple.security.cryptexd/mnt/com.apple.MobileAsset.MetalToolchain-v17.6.42.0.s3WVie/Metal.xctoolchain --toolchain /Applications/Xcode.app/Contents/Developer/Toolchains/XcodeDefault.xctoolchain --destination /tmp/merlin-derived-task501-green/Build/Products/Debug/Merlin.app/Contents/PlugIns/MerlinTests.xctest/Contents/Frameworks --strip-bitcode --scan-executable /Applications/Xcode.app/Contents/Developer/Platforms/MacOSX.platform/Developer/usr/lib/libXCTestSwiftSupport.dylib --strip-bitcode-tool /Applications/Xcode.app/Contents/Developer/Toolchains/XcodeDefault.xctoolchain/usr/bin/bitcode_strip --emit-dependency-info /tmp/merlin-derived-task501-green/Build/Intermediates.noindex/Merlin.build/Debug/MerlinTests.build/SwiftStdLibToolInputDependencies.dep --filter-for-swift-os --back-deploy-swift-span

ExtractAppIntentsMetadata (in target 'MerlinTests' from project 'Merlin')
    cd /Users/jonzuilkowski/Documents/localProject/merlin
    /Applications/Xcode.app/Contents/Developer/Toolchains/XcodeDefault.xctoolchain/usr/bin/appintentsmetadataprocessor --toolchain-dir /var/run/com.apple.security.cryptexd/mnt/com.apple.MobileAsset.MetalToolchain-v17.6.42.0.s3WVie/Metal.xctoolchain --module-name MerlinTests --sdk-root /Applications/Xcode.app/Contents/Developer/Platforms/MacOSX.platform/Developer/SDKs/MacOSX26.5.sdk --xcode-version 17F42 --platform-family macOS --deployment-target 14.0 --bundle-identifier com.merlin.MerlinTests --output /tmp/merlin-derived-task501-green/Build/Products/Debug/Merlin.app/Contents/PlugIns/MerlinTests.xctest/Contents/Resources --target-triple arm64-apple-macos14.0 --binary-file /tmp/merlin-derived-task501-green/Build/Products/Debug/Merlin.app/Contents/PlugIns/MerlinTests.xctest/Contents/MacOS/MerlinTests --dependency-file /tmp/merlin-derived-task501-green/Build/Intermediates.noindex/Merlin.build/Debug/MerlinTests.build/Objects-normal/arm64/MerlinTests_dependency_info.dat --stringsdata-file /tmp/merlin-derived-task501-green/Build/Intermediates.noindex/Merlin.build/Debug/MerlinTests.build/Objects-normal/arm64/ExtractedAppShortcutsMetadata.stringsdata --source-file-list /tmp/merlin-derived-task501-green/Build/Intermediates.noindex/Merlin.build/Debug/MerlinTests.build/Objects-normal/arm64/MerlinTests.SwiftFileList --metadata-file-list /tmp/merlin-derived-task501-green/Build/Intermediates.noindex/Merlin.build/Debug/MerlinTests.build/MerlinTests.DependencyMetadataFileList --static-metadata-file-list /tmp/merlin-derived-task501-green/Build/Intermediates.noindex/Merlin.build/Debug/MerlinTests.build/MerlinTests.DependencyStaticMetadataFileList --swift-const-vals-list /tmp/merlin-derived-task501-green/Build/Intermediates.noindex/Merlin.build/Debug/MerlinTests.build/Objects-normal/arm64/MerlinTests.SwiftConstValuesFileList --compile-time-extraction --deployment-aware-processing --validate-assistant-intents --no-app-shortcuts-localization
2026-06-11 09:30:01.972 appintentsmetadataprocessor[89892:7804561] Starting appintentsmetadataprocessor export
2026-06-11 09:30:02.098 appintentsmetadataprocessor[89892:7804561] Extracted no relevant App Intents symbols, skipping writing output

CodeSign /tmp/merlin-derived-task501-green/Build/Products/Debug/Merlin.app/Contents/PlugIns/MerlinTests.xctest (in target 'MerlinTests' from project 'Merlin')
    cd /Users/jonzuilkowski/Documents/localProject/merlin

    Signing Identity:     "Sign to Run Locally"

    /usr/bin/codesign --force --sign - --timestamp\=none --generate-entitlement-der /tmp/merlin-derived-task501-green/Build/Products/Debug/Merlin.app/Contents/PlugIns/MerlinTests.xctest

CodeSign /tmp/merlin-derived-task501-green/Build/Products/Debug/Merlin.app/Contents/MacOS/Merlin.debug.dylib (in target 'Merlin' from project 'Merlin')
    cd /Users/jonzuilkowski/Documents/localProject/merlin

    Signing Identity:     "Merlin Dev Signing"

    /usr/bin/codesign --force --sign 252C10CC0B11D5E61D2BC060A7B39EDE6450D2B1 --timestamp\=none --generate-entitlement-der /tmp/merlin-derived-task501-green/Build/Products/Debug/Merlin.app/Contents/MacOS/Merlin.debug.dylib

CodeSign /tmp/merlin-derived-task501-green/Build/Products/Debug/Merlin.app/Contents/MacOS/__preview.dylib (in target 'Merlin' from project 'Merlin')
    cd /Users/jonzuilkowski/Documents/localProject/merlin

    Signing Identity:     "Merlin Dev Signing"

    /usr/bin/codesign --force --sign 252C10CC0B11D5E61D2BC060A7B39EDE6450D2B1 --timestamp\=none --generate-entitlement-der /tmp/merlin-derived-task501-green/Build/Products/Debug/Merlin.app/Contents/MacOS/__preview.dylib
/tmp/merlin-derived-task501-green/Build/Products/Debug/Merlin.app/Contents/MacOS/__preview.dylib: replacing existing signature

CodeSign /tmp/merlin-derived-task501-green/Build/Products/Debug/Merlin.app (in target 'Merlin' from project 'Merlin')
    cd /Users/jonzuilkowski/Documents/localProject/merlin

    Signing Identity:     "Merlin Dev Signing"

    /usr/bin/codesign --force --sign 252C10CC0B11D5E61D2BC060A7B39EDE6450D2B1 --entitlements /tmp/merlin-derived-task501-green/Build/Intermediates.noindex/Merlin.build/Debug/Merlin.build/Merlin.app.xcent --timestamp\=none --generate-entitlement-der /tmp/merlin-derived-task501-green/Build/Products/Debug/Merlin.app

Validate /tmp/merlin-derived-task501-green/Build/Products/Debug/Merlin.app (in target 'Merlin' from project 'Merlin')
    cd /Users/jonzuilkowski/Documents/localProject/merlin
    builtin-validationUtility /tmp/merlin-derived-task501-green/Build/Products/Debug/Merlin.app -no-validate-extension -infoplist-subpath Contents/Info.plist

RegisterWithLaunchServices /tmp/merlin-derived-task501-green/Build/Products/Debug/Merlin.app (in target 'Merlin' from project 'Merlin')
    cd /Users/jonzuilkowski/Documents/localProject/merlin
    /System/Library/Frameworks/CoreServices.framework/Versions/Current/Frameworks/LaunchServices.framework/Versions/Current/Support/lsregister -f -R -trusted /tmp/merlin-derived-task501-green/Build/Products/Debug/Merlin.app

2026-06-11 09:30:04.763030-0400 Merlin[89917:7804739] [Connection] Unable to get synchronousRemoteObjectProxy, error: Error Domain=NSCocoaErrorDomain Code=4097 "connection to service named com.apple.linkd.autoShortcut" UserInfo={NSDebugDescription=connection to service named com.apple.linkd.autoShortcut}
2026-06-11 09:30:04.763776-0400 Merlin[89917:7804739] [Application] Error registering app with intents framework: Error Domain=NSCocoaErrorDomain Code=4097 "connection to service named com.apple.linkd.autoShortcut" UserInfo={NSDebugDescription=connection to service named com.apple.linkd.autoShortcut}
2026-06-11 09:30:04.764270-0400 Merlin[89917:7804730] [Connection] Unable to get synchronousRemoteObjectProxy, error: Error Domain=NSCocoaErrorDomain Code=4097 "connection to service named com.apple.linkd.autoShortcut" UserInfo={NSDebugDescription=connection to service named com.apple.linkd.autoShortcut}
2026-06-11 09:30:04.764287-0400 Merlin[89917:7804730] [Connection] Unable to re-register with Process Instance Registry, error: Error Domain=NSCocoaErrorDomain Code=4097 "connection to service named com.apple.linkd.autoShortcut" UserInfo={NSDebugDescription=connection to service named com.apple.linkd.autoShortcut}
2026-06-11 09:30:04.765391-0400 Merlin[89917:7804729] [Connection] Unable to get synchronousRemoteObjectProxy, error: Error Domain=NSCocoaErrorDomain Code=4097 "connection to service named com.apple.linkd.autoShortcut" UserInfo={NSDebugDescription=connection to service named com.apple.linkd.autoShortcut}
2026-06-11 09:30:04.765406-0400 Merlin[89917:7804729] [Connection] Unable to re-register with Process Instance Registry, error: Error Domain=NSCocoaErrorDomain Code=4097 "connection to service named com.apple.linkd.autoShortcut" UserInfo={NSDebugDescription=connection to service named com.apple.linkd.autoShortcut}
2026-06-11 09:30:04.766509-0400 Merlin[89917:7804729] [Connection] Will NOT re-try to establish the connection
2026-06-11 09:30:04.766538-0400 Merlin[89917:7804739] [Connection] Unable to get synchronousRemoteObjectProxy, error: Error Domain=NSCocoaErrorDomain Code=4097 "connection to service named com.apple.linkd.autoShortcut" UserInfo={NSDebugDescription=connection to service named com.apple.linkd.autoShortcut}
2026-06-11 09:30:04.766552-0400 Merlin[89917:7804739] [Connection] Unable to re-register with Process Instance Registry, error: Error Domain=NSCocoaErrorDomain Code=4097 "connection to service named com.apple.linkd.autoShortcut" UserInfo={NSDebugDescription=connection to service named com.apple.linkd.autoShortcut}
2026-06-11 09:30:04.813469-0400 Merlin[89917:7804702] ApplePersistenceIgnoreState: Existing state will not be touched. New state will be written to /var/folders/rh/p7pv2pnj1mn6l5y5q72wvztm0000gn/T/com.merlin.app.savedState
Test Suite 'Selected tests' started at 2026-06-11 09:30:05.240.
Test Suite 'MerlinTests.xctest' started at 2026-06-11 09:30:05.240.
Test Suite 'CriticEngineTests' started at 2026-06-11 09:30:05.240.
Test Case '-[MerlinTests.CriticEngineTests testStage1FailureReasonPreservesNamedFailingXcodeTestsAfterVerboseBuildOutput]' started.
Test Case '-[MerlinTests.CriticEngineTests testStage1FailureReasonPreservesNamedFailingXcodeTestsAfterVerboseBuildOutput]' passed (0.001 seconds).
Test Suite 'CriticEngineTests' passed at 2026-06-11 09:30:05.242.
	 Executed 1 test, with 0 failures (0 unexpected) in 0.001 (0.002) seconds
Test Suite 'LlamaCppModelManagerTests' started at 2026-06-11 09:30:05.242.
Test Case '-[MerlinTests.LlamaCppModelManagerTests testEnsureModelLoadedAcceptsRouterCatalogModelWhenLoadEndpointRejects]' started.
Test Case '-[MerlinTests.LlamaCppModelManagerTests testEnsureModelLoadedAcceptsRouterCatalogModelWhenLoadEndpointRejects]' passed (0.006 seconds).
Test Suite 'LlamaCppModelManagerTests' passed at 2026-06-11 09:30:05.248.
	 Executed 1 test, with 0 failures (0 unexpected) in 0.006 (0.006) seconds
Test Suite 'MerlinTests.xctest' passed at 2026-06-11 09:30:05.248.
	 Executed 2 tests, with 0 failures (0 unexpected) in 0.007 (0.008) seconds
Test Suite 'Selected tests' passed at 2026-06-11 09:30:05.248.
	 Executed 2 tests, with 0 failures (0 unexpected) in 0.007 (0.009) seconds

Test session results, code coverage, and logs:
	/tmp/merlin-derived-task501-green/Logs/Test/Test-MerlinTests-2026.06.11_09-29-56--0400.xcresult

** TEST SUCCEEDED **

Testing started
