Command line invocation:
    /Applications/Xcode.app/Contents/Developer/usr/bin/xcodebuild test -project Merlin.xcodeproj -scheme MerlinTests -destination platform=macOS "-only-testing:MerlinTests/FinalElectronicsDocumentationSweepTests/testReleaseEvidenceReportSummarizesPassedGatesAndBoundaries" "-only-testing:MerlinTests/FinalElectronicsDocumentationSweepTests/testElectronicsFinishChecklistMatchesFinalEvidenceContract"

--- xcodebuild: WARNING: Using the first of multiple matching destinations:
{ platform:macOS, arch:arm64, id:00006041-00140140268A801C, name:My Mac }
{ platform:macOS, arch:x86_64, id:00006041-00140140268A801C, name:My Mac }
ComputePackagePrebuildTargetDependencyGraph

Prepare packages

CreateBuildRequest

SendProjectDescription

CreateBuildOperation

ComputeTargetDependencyGraph
note: Building targets in dependency order
note: Target dependency graph (4 targets)
    Target 'MerlinTests' in project 'Merlin'
        ➜ Explicit dependency on target 'Merlin' in project 'Merlin'
    Target 'Merlin' in project 'Merlin'
        ➜ Explicit dependency on target 'MerlinElectronicsPlugin' in project 'Merlin'
        ➜ Explicit dependency on target 'merlin-discipline' in project 'Merlin'
    Target 'merlin-discipline' in project 'Merlin' (no dependencies)
    Target 'MerlinElectronicsPlugin' in project 'Merlin' (no dependencies)

GatherProvisioningInputs

CreateBuildDescription

ClangStatCache /Applications/Xcode.app/Contents/Developer/Toolchains/XcodeDefault.xctoolchain/usr/bin/clang-stat-cache /Applications/Xcode.app/Contents/Developer/Platforms/MacOSX.platform/Developer/SDKs/MacOSX26.5.sdk /Users/jonzuilkowski/Library/Developer/Xcode/DerivedData/SDKStatCaches.noindex/macosx26.5-25F70-688ef53f1462e2c8f657fdc38a81448fe082c4a02f00227109f4ed75e425c832.sdkstatcache
    cd /Users/jonzuilkowski/Documents/localProject/merlin/Merlin.xcodeproj
    /Applications/Xcode.app/Contents/Developer/Toolchains/XcodeDefault.xctoolchain/usr/bin/clang-stat-cache /Applications/Xcode.app/Contents/Developer/Platforms/MacOSX.platform/Developer/SDKs/MacOSX26.5.sdk -o /Users/jonzuilkowski/Library/Developer/Xcode/DerivedData/SDKStatCaches.noindex/macosx26.5-25F70-688ef53f1462e2c8f657fdc38a81448fe082c4a02f00227109f4ed75e425c832.sdkstatcache

2026-06-11 14:08:33.770460-0400 Merlin[66816:8648710] [Connection] Unable to get synchronousRemoteObjectProxy, error: Error Domain=NSCocoaErrorDomain Code=4097 "connection to service named com.apple.linkd.autoShortcut" UserInfo={NSDebugDescription=connection to service named com.apple.linkd.autoShortcut}
2026-06-11 14:08:33.770786-0400 Merlin[66816:8648710] [Application] Error registering app with intents framework: Error Domain=NSCocoaErrorDomain Code=4097 "connection to service named com.apple.linkd.autoShortcut" UserInfo={NSDebugDescription=connection to service named com.apple.linkd.autoShortcut}
2026-06-11 14:08:33.771679-0400 Merlin[66816:8648727] [Connection] Unable to get synchronousRemoteObjectProxy, error: Error Domain=NSCocoaErrorDomain Code=4097 "connection to service named com.apple.linkd.autoShortcut" UserInfo={NSDebugDescription=connection to service named com.apple.linkd.autoShortcut}
2026-06-11 14:08:33.771694-0400 Merlin[66816:8648727] [Connection] Unable to re-register with Process Instance Registry, error: Error Domain=NSCocoaErrorDomain Code=4097 "connection to service named com.apple.linkd.autoShortcut" UserInfo={NSDebugDescription=connection to service named com.apple.linkd.autoShortcut}
2026-06-11 14:08:33.772976-0400 Merlin[66816:8648710] [Connection] Unable to get synchronousRemoteObjectProxy, error: Error Domain=NSCocoaErrorDomain Code=4097 "connection to service named com.apple.linkd.autoShortcut" UserInfo={NSDebugDescription=connection to service named com.apple.linkd.autoShortcut}
2026-06-11 14:08:33.772992-0400 Merlin[66816:8648710] [Connection] Unable to re-register with Process Instance Registry, error: Error Domain=NSCocoaErrorDomain Code=4097 "connection to service named com.apple.linkd.autoShortcut" UserInfo={NSDebugDescription=connection to service named com.apple.linkd.autoShortcut}
2026-06-11 14:08:33.774133-0400 Merlin[66816:8648710] [Connection] Will NOT re-try to establish the connection
2026-06-11 14:08:33.774153-0400 Merlin[66816:8648727] [Connection] Unable to get synchronousRemoteObjectProxy, error: Error Domain=NSCocoaErrorDomain Code=4097 "connection to service named com.apple.linkd.autoShortcut" UserInfo={NSDebugDescription=connection to service named com.apple.linkd.autoShortcut}
2026-06-11 14:08:33.774161-0400 Merlin[66816:8648727] [Connection] Unable to re-register with Process Instance Registry, error: Error Domain=NSCocoaErrorDomain Code=4097 "connection to service named com.apple.linkd.autoShortcut" UserInfo={NSDebugDescription=connection to service named com.apple.linkd.autoShortcut}
2026-06-11 14:08:33.817630-0400 Merlin[66816:8648559] ApplePersistenceIgnoreState: Existing state will not be touched. New state will be written to /var/folders/rh/p7pv2pnj1mn6l5y5q72wvztm0000gn/T/com.merlin.app.savedState
Test Suite 'Selected tests' started at 2026-06-11 14:08:34.300.
Test Suite 'MerlinTests.xctest' started at 2026-06-11 14:08:34.300.
Test Suite 'FinalElectronicsDocumentationSweepTests' started at 2026-06-11 14:08:34.300.
Test Case '-[MerlinTests.FinalElectronicsDocumentationSweepTests testElectronicsFinishChecklistMatchesFinalEvidenceContract]' started.
Test Case '-[MerlinTests.FinalElectronicsDocumentationSweepTests testElectronicsFinishChecklistMatchesFinalEvidenceContract]' passed (0.010 seconds).
Test Case '-[MerlinTests.FinalElectronicsDocumentationSweepTests testReleaseEvidenceReportSummarizesPassedGatesAndBoundaries]' started.
Test Case '-[MerlinTests.FinalElectronicsDocumentationSweepTests testReleaseEvidenceReportSummarizesPassedGatesAndBoundaries]' passed (0.002 seconds).
Test Suite 'FinalElectronicsDocumentationSweepTests' passed at 2026-06-11 14:08:34.313.
	 Executed 2 tests, with 0 failures (0 unexpected) in 0.012 (0.013) seconds
Test Suite 'MerlinTests.xctest' passed at 2026-06-11 14:08:34.313.
	 Executed 2 tests, with 0 failures (0 unexpected) in 0.012 (0.013) seconds
Test Suite 'Selected tests' passed at 2026-06-11 14:08:34.313.
	 Executed 2 tests, with 0 failures (0 unexpected) in 0.012 (0.013) seconds
2026-06-11 14:08:34.589 xcodebuild[66689:8648233] [MT] IDETestOperationsObserverDebug: 1.564 elapsed -- Testing started completed.
2026-06-11 14:08:34.589 xcodebuild[66689:8648233] [MT] IDETestOperationsObserverDebug: 0.000 sec, +0.000 sec -- start
2026-06-11 14:08:34.589 xcodebuild[66689:8648233] [MT] IDETestOperationsObserverDebug: 1.564 sec, +1.564 sec -- end

Test session results, code coverage, and logs:
	/Users/jonzuilkowski/Library/Developer/Xcode/DerivedData/Merlin-ehaeyubkoothsygklrellvqjerch/Logs/Test/Test-MerlinTests-2026.06.11_14-08-32--0400.xcresult

** TEST SUCCEEDED **

Testing started
